<?xml version="1.0" encoding="UTF-8"?>
<!-- Generated by org.testng.reporters.JUnitXMLReporter -->
<testsuite hostname="Mahendra" ignored="0" name="Default test" tests="2" failures="0" timestamp="26 Oct 2017 17:31:25 GMT" time="155.839" errors="0">
  <testcase name="Customer_ForgotPassword_scenario" time="98.524" classname="com.ShearCircle.TestScenarios.CustomerModule"/>
  <testcase name="Customer_clicks_JoinOurCircle" time="42.09" classname="com.ShearCircle.TestScenarios.CustomerModule"/>
</testsuite> <!-- Default test -->
