<?xml version="1.0" encoding="UTF-8"?>
<testng-results skipped="0" failed="0" ignored="0" total="2" passed="2">
  <reporter-output>
    <line>
      <![CDATA[Passed, Verify ShearCircle Home page is displayed, ShearCircle Home page should be displayed, ShearCircle Home page displayed]]>
    </line>
    <line>
      <![CDATA[Passed, Verify Login link is displayed, Login link should be displayed, Login link is displayed]]>
    </line>
    <line>
      <![CDATA[Passed, Verify Forgotpassword link is displayed, Forgotpassword link should be displayed, Forgotpassword link is displayed]]>
    </line>
    <line>
      <![CDATA[Passed, Verify Reset Password is displayed, Reset Password should be displayed, Reset Password is displayed]]>
    </line>
    <line>
      <![CDATA[Passed, Verify The Element is UserName textboxdisplayed, The Element UserName textboxshould be displayed, The Element UserName textboxdisplayed]]>
    </line>
    <line>
      <![CDATA[Passed, Verify The Element is Send Instruction ForgotPassword Buttondisplayed, The Element Send Instruction ForgotPassword Buttonshould be displayed, The Element Send Instruction ForgotPassword Buttondisplayed]]>
    </line>
    <line>
      <![CDATA[Passed, Verify The Element is Cancel Linkdisplayed, The Element Cancel Linkshould be displayed, The Element Cancel Linkdisplayed]]>
    </line>
    <line>
      <![CDATA[Passed, Click Send instructions to reset password and Verify Reset Password Successful message is displayed, Reset Password Successful message should be displayed, Reset Password Successful message displayed as : Password Reset Instructions Sent Successfully]]>
    </line>
    <line>
      <![CDATA[Passed, Verify Login link is displayed, Login link should be displayed, Login link is displayed]]>
    </line>
    <line>
      <![CDATA[Passed, Verify Forgotpassword link is displayed, Forgotpassword link should be displayed, Forgotpassword link is displayed]]>
    </line>
    <line>
      <![CDATA[Passed, Verify Reset Password is displayed, Reset Password should be displayed, Reset Password is displayed]]>
    </line>
    <line>
      <![CDATA[Passed, Verify The Element is UserName textboxdisplayed, The Element UserName textboxshould be displayed, The Element UserName textboxdisplayed]]>
    </line>
    <line>
      <![CDATA[Passed, Verify The Element is Send Instruction ForgotPassword Buttondisplayed, The Element Send Instruction ForgotPassword Buttonshould be displayed, The Element Send Instruction ForgotPassword Buttondisplayed]]>
    </line>
    <line>
      <![CDATA[Passed, Verify The Element is Cancel Linkdisplayed, The Element Cancel Linkshould be displayed, The Element Cancel Linkdisplayed]]>
    </line>
    <line>
      <![CDATA[Passed, Click Cancel and Verify Customer navigate Reset Password page, Customer should be navigate Reset Password page, Customer navigated Reset Password page]]>
    </line>
    <line>
      <![CDATA[Passed, Verify Login link is displayed, Login link should be displayed, Login link is displayed]]>
    </line>
    <line>
      <![CDATA[Passed, Verify Forgotpassword link is displayed, Forgotpassword link should be displayed, Forgotpassword link is displayed]]>
    </line>
    <line>
      <![CDATA[Passed, Verify Reset Password is displayed, Reset Password should be displayed, Reset Password is displayed]]>
    </line>
    <line>
      <![CDATA[Passed, Verify The Element is UserName textboxdisplayed, The Element UserName textboxshould be displayed, The Element UserName textboxdisplayed]]>
    </line>
    <line>
      <![CDATA[Passed, Verify The Element is Send Instruction ForgotPassword Buttondisplayed, The Element Send Instruction ForgotPassword Buttonshould be displayed, The Element Send Instruction ForgotPassword Buttondisplayed]]>
    </line>
    <line>
      <![CDATA[Passed, Verify The Element is Cancel Linkdisplayed, The Element Cancel Linkshould be displayed, The Element Cancel Linkdisplayed]]>
    </line>
    <line>
      <![CDATA[Passed, Click Send instructions to reset password and Verify Reset Password invalid message is displayed, Reset Password invalid message should be displayed, Reset Password invalid message displayed as : No records for the Username]]>
    </line>
    <line>
      <![CDATA[Passed, Verify Login link is displayed, Login link should be displayed, Login link is displayed]]>
    </line>
    <line>
      <![CDATA[Passed, Verify Forgotpassword link is displayed, Forgotpassword link should be displayed, Forgotpassword link is displayed]]>
    </line>
    <line>
      <![CDATA[Passed, Verify Reset Password is displayed, Reset Password should be displayed, Reset Password is displayed]]>
    </line>
    <line>
      <![CDATA[Passed, Verify The Element is UserName textboxdisplayed, The Element UserName textboxshould be displayed, The Element UserName textboxdisplayed]]>
    </line>
    <line>
      <![CDATA[Passed, Verify The Element is Send Instruction ForgotPassword Buttondisplayed, The Element Send Instruction ForgotPassword Buttonshould be displayed, The Element Send Instruction ForgotPassword Buttondisplayed]]>
    </line>
    <line>
      <![CDATA[Passed, Verify The Element is Cancel Linkdisplayed, The Element Cancel Linkshould be displayed, The Element Cancel Linkdisplayed]]>
    </line>
    <line>
      <![CDATA[Passed, Click Cancel and Verify Customer navigate Reset Password page, Customer should be navigate Reset Password page, Customer navigated Reset Password page]]>
    </line>
    <line>
      <![CDATA[Passed, Verify ShearCircle Home page is displayed, ShearCircle Home page should be displayed, ShearCircle Home page displayed]]>
    </line>
    <line>
      <![CDATA[Passed, Verify Login and Join Our Circle buttons are displayed, Login and Join Our Circle buttonsare should be displayed, Login and Join Our Circle buttons displayed]]>
    </line>
    <line>
      <![CDATA[Passed, Verify Join Our Circle Page is displayed, Join Our Circle Page should be displayed, Join Our Circle Page displayed]]>
    </line>
    <line>
      <![CDATA[Passed, Verify Are you a Customer and Are you a Professional JoinCircle links are displayed, Are you a Customer and Are you a Professional JoinCircle links are should be displayed, Are you a Customer and Are you a Professional JoinCircle links displayed]]>
    </line>
    <line>
      <![CDATA[Passed, Verify Customer Registration form is displayed, Customer Registration form should be displayed, Customer Registration form displayed]]>
    </line>
    <line>
      <![CDATA[Passed, Verify Customer Registration form Join Now header is displayed, Customer Registration form Join Now header should be displayed, Customer Registration form Join Now header displayed]]>
    </line>
    <line>
      <![CDATA[Passed, Verify The Element is FirstName textboxdisplayed, The Element FirstName textboxshould be displayed, The Element FirstName textboxdisplayed]]>
    </line>
    <line>
      <![CDATA[Passed, Verify The Element is LastName textboxdisplayed, The Element LastName textboxshould be displayed, The Element LastName textboxdisplayed]]>
    </line>
    <line>
      <![CDATA[Passed, Verify The Element is Email textboxdisplayed, The Element Email textboxshould be displayed, The Element Email textboxdisplayed]]>
    </line>
    <line>
      <![CDATA[Passed, Verify The Element is Password textboxdisplayed, The Element Password textboxshould be displayed, The Element Password textboxdisplayed]]>
    </line>
    <line>
      <![CDATA[Passed, Verify The Element is ReEnteredPassword textboxdisplayed, The Element ReEnteredPassword textboxshould be displayed, The Element ReEnteredPassword textboxdisplayed]]>
    </line>
    <line>
      <![CDATA[Passed, Verify The Element is Termsofservice checkboxdisplayed, The Element Termsofservice checkboxshould be displayed, The Element Termsofservice checkboxdisplayed]]>
    </line>
    <line>
      <![CDATA[Passed, Verify The Element is billingagrement Checkboxdisplayed, The Element billingagrement Checkboxshould be displayed, The Element billingagrement Checkboxdisplayed]]>
    </line>
    <line>
      <![CDATA[Passed, Verify The Element is JoinCircle Buttondisplayed, The Element JoinCircle Buttonshould be displayed, The Element JoinCircle Buttondisplayed]]>
    </line>
    <line>
      <![CDATA[Passed, Verify Customer Registration form Join Now header is displayed, Customer Registration form Join Now header should be displayed, Customer Registration form Join Now header displayed]]>
    </line>
    <line>
      <![CDATA[***scrollDown: Move to default Content explicitly. Otherwise it won't work for Firefox***]]>
    </line>
    <line>
      <![CDATA[Passed, Verify Customer Registration Success message is displayed, Customer Registration Success message should be displayed, Customer Registration Success message displayed]]>
    </line>
  </reporter-output>
  <suite name="Default suite" duration-ms="155839" started-at="2017-10-26T17:28:49Z" finished-at="2017-10-26T17:31:25Z">
    <groups>
    </groups>
    <test name="Default test" duration-ms="155839" started-at="2017-10-26T17:28:49Z" finished-at="2017-10-26T17:31:25Z">
      <class name="com.ShearCircle.TestScenarios.CustomerModule">
        <test-method status="PASS" signature="beforeclass(java.lang.String)[pri:0, instance:com.ShearCircle.TestScenarios.CustomerModule@39c0f4a]" name="beforeclass" is-config="true" duration-ms="10632" started-at="2017-10-26T22:58:49Z" finished-at="2017-10-26T22:58:59Z">
          <params>
            <param index="0">
              <value>
                <![CDATA[chrome]]>
              </value>
            </param>
          </params>
          <reporter-output>
          </reporter-output>
        </test-method> <!-- beforeclass -->
        <test-method status="PASS" signature="Customer_ForgotPassword_scenario()[pri:0, instance:com.ShearCircle.TestScenarios.CustomerModule@39c0f4a]" name="Customer_ForgotPassword_scenario" duration-ms="98524" started-at="2017-10-26T22:58:59Z" finished-at="2017-10-26T23:00:38Z">
          <reporter-output>
            <line>
              <![CDATA[Passed, Verify ShearCircle Home page is displayed, ShearCircle Home page should be displayed, ShearCircle Home page displayed]]>
            </line>
            <line>
              <![CDATA[Passed, Verify Login link is displayed, Login link should be displayed, Login link is displayed]]>
            </line>
            <line>
              <![CDATA[Passed, Verify Forgotpassword link is displayed, Forgotpassword link should be displayed, Forgotpassword link is displayed]]>
            </line>
            <line>
              <![CDATA[Passed, Verify Reset Password is displayed, Reset Password should be displayed, Reset Password is displayed]]>
            </line>
            <line>
              <![CDATA[Passed, Verify The Element is UserName textboxdisplayed, The Element UserName textboxshould be displayed, The Element UserName textboxdisplayed]]>
            </line>
            <line>
              <![CDATA[Passed, Verify The Element is Send Instruction ForgotPassword Buttondisplayed, The Element Send Instruction ForgotPassword Buttonshould be displayed, The Element Send Instruction ForgotPassword Buttondisplayed]]>
            </line>
            <line>
              <![CDATA[Passed, Verify The Element is Cancel Linkdisplayed, The Element Cancel Linkshould be displayed, The Element Cancel Linkdisplayed]]>
            </line>
            <line>
              <![CDATA[Passed, Click Send instructions to reset password and Verify Reset Password Successful message is displayed, Reset Password Successful message should be displayed, Reset Password Successful message displayed as : Password Reset Instructions Sent Successfully]]>
            </line>
            <line>
              <![CDATA[Passed, Verify Login link is displayed, Login link should be displayed, Login link is displayed]]>
            </line>
            <line>
              <![CDATA[Passed, Verify Forgotpassword link is displayed, Forgotpassword link should be displayed, Forgotpassword link is displayed]]>
            </line>
            <line>
              <![CDATA[Passed, Verify Reset Password is displayed, Reset Password should be displayed, Reset Password is displayed]]>
            </line>
            <line>
              <![CDATA[Passed, Verify The Element is UserName textboxdisplayed, The Element UserName textboxshould be displayed, The Element UserName textboxdisplayed]]>
            </line>
            <line>
              <![CDATA[Passed, Verify The Element is Send Instruction ForgotPassword Buttondisplayed, The Element Send Instruction ForgotPassword Buttonshould be displayed, The Element Send Instruction ForgotPassword Buttondisplayed]]>
            </line>
            <line>
              <![CDATA[Passed, Verify The Element is Cancel Linkdisplayed, The Element Cancel Linkshould be displayed, The Element Cancel Linkdisplayed]]>
            </line>
            <line>
              <![CDATA[Passed, Click Cancel and Verify Customer navigate Reset Password page, Customer should be navigate Reset Password page, Customer navigated Reset Password page]]>
            </line>
            <line>
              <![CDATA[Passed, Verify Login link is displayed, Login link should be displayed, Login link is displayed]]>
            </line>
            <line>
              <![CDATA[Passed, Verify Forgotpassword link is displayed, Forgotpassword link should be displayed, Forgotpassword link is displayed]]>
            </line>
            <line>
              <![CDATA[Passed, Verify Reset Password is displayed, Reset Password should be displayed, Reset Password is displayed]]>
            </line>
            <line>
              <![CDATA[Passed, Verify The Element is UserName textboxdisplayed, The Element UserName textboxshould be displayed, The Element UserName textboxdisplayed]]>
            </line>
            <line>
              <![CDATA[Passed, Verify The Element is Send Instruction ForgotPassword Buttondisplayed, The Element Send Instruction ForgotPassword Buttonshould be displayed, The Element Send Instruction ForgotPassword Buttondisplayed]]>
            </line>
            <line>
              <![CDATA[Passed, Verify The Element is Cancel Linkdisplayed, The Element Cancel Linkshould be displayed, The Element Cancel Linkdisplayed]]>
            </line>
            <line>
              <![CDATA[Passed, Click Send instructions to reset password and Verify Reset Password invalid message is displayed, Reset Password invalid message should be displayed, Reset Password invalid message displayed as : No records for the Username]]>
            </line>
            <line>
              <![CDATA[Passed, Verify Login link is displayed, Login link should be displayed, Login link is displayed]]>
            </line>
            <line>
              <![CDATA[Passed, Verify Forgotpassword link is displayed, Forgotpassword link should be displayed, Forgotpassword link is displayed]]>
            </line>
            <line>
              <![CDATA[Passed, Verify Reset Password is displayed, Reset Password should be displayed, Reset Password is displayed]]>
            </line>
            <line>
              <![CDATA[Passed, Verify The Element is UserName textboxdisplayed, The Element UserName textboxshould be displayed, The Element UserName textboxdisplayed]]>
            </line>
            <line>
              <![CDATA[Passed, Verify The Element is Send Instruction ForgotPassword Buttondisplayed, The Element Send Instruction ForgotPassword Buttonshould be displayed, The Element Send Instruction ForgotPassword Buttondisplayed]]>
            </line>
            <line>
              <![CDATA[Passed, Verify The Element is Cancel Linkdisplayed, The Element Cancel Linkshould be displayed, The Element Cancel Linkdisplayed]]>
            </line>
            <line>
              <![CDATA[Passed, Click Cancel and Verify Customer navigate Reset Password page, Customer should be navigate Reset Password page, Customer navigated Reset Password page]]>
            </line>
          </reporter-output>
        </test-method> <!-- Customer_ForgotPassword_scenario -->
        <test-method status="PASS" signature="StatusScreenShots(org.testng.ITestResult)[pri:0, instance:com.ShearCircle.TestScenarios.CustomerModule@39c0f4a]" name="StatusScreenShots" is-config="true" duration-ms="1443" started-at="2017-10-26T23:00:38Z" finished-at="2017-10-26T23:00:39Z">
          <params>
            <param index="0">
              <value>
                <![CDATA[[TestResult name=Customer_ForgotPassword_scenario status=SUCCESS method=CustomerModule.Customer_ForgotPassword_scenario()[pri:0, instance:com.ShearCircle.TestScenarios.CustomerModule@39c0f4a] output=Passed, Verify ShearCircle Home page is displayed, ShearCircle Home page should be displayed, ShearCircle Home page displayed]]]>
              </value>
            </param>
          </params>
          <reporter-output>
          </reporter-output>
        </test-method> <!-- StatusScreenShots -->
        <test-method status="PASS" signature="Customer_clicks_JoinOurCircle()[pri:1, instance:com.ShearCircle.TestScenarios.CustomerModule@39c0f4a]" name="Customer_clicks_JoinOurCircle" duration-ms="42090" started-at="2017-10-26T23:00:39Z" finished-at="2017-10-26T23:01:22Z">
          <reporter-output>
            <line>
              <![CDATA[Passed, Verify ShearCircle Home page is displayed, ShearCircle Home page should be displayed, ShearCircle Home page displayed]]>
            </line>
            <line>
              <![CDATA[Passed, Verify Login and Join Our Circle buttons are displayed, Login and Join Our Circle buttonsare should be displayed, Login and Join Our Circle buttons displayed]]>
            </line>
            <line>
              <![CDATA[Passed, Verify Join Our Circle Page is displayed, Join Our Circle Page should be displayed, Join Our Circle Page displayed]]>
            </line>
            <line>
              <![CDATA[Passed, Verify Are you a Customer and Are you a Professional JoinCircle links are displayed, Are you a Customer and Are you a Professional JoinCircle links are should be displayed, Are you a Customer and Are you a Professional JoinCircle links displayed]]>
            </line>
            <line>
              <![CDATA[Passed, Verify Customer Registration form is displayed, Customer Registration form should be displayed, Customer Registration form displayed]]>
            </line>
            <line>
              <![CDATA[Passed, Verify Customer Registration form Join Now header is displayed, Customer Registration form Join Now header should be displayed, Customer Registration form Join Now header displayed]]>
            </line>
            <line>
              <![CDATA[Passed, Verify The Element is FirstName textboxdisplayed, The Element FirstName textboxshould be displayed, The Element FirstName textboxdisplayed]]>
            </line>
            <line>
              <![CDATA[Passed, Verify The Element is LastName textboxdisplayed, The Element LastName textboxshould be displayed, The Element LastName textboxdisplayed]]>
            </line>
            <line>
              <![CDATA[Passed, Verify The Element is Email textboxdisplayed, The Element Email textboxshould be displayed, The Element Email textboxdisplayed]]>
            </line>
            <line>
              <![CDATA[Passed, Verify The Element is Password textboxdisplayed, The Element Password textboxshould be displayed, The Element Password textboxdisplayed]]>
            </line>
            <line>
              <![CDATA[Passed, Verify The Element is ReEnteredPassword textboxdisplayed, The Element ReEnteredPassword textboxshould be displayed, The Element ReEnteredPassword textboxdisplayed]]>
            </line>
            <line>
              <![CDATA[Passed, Verify The Element is Termsofservice checkboxdisplayed, The Element Termsofservice checkboxshould be displayed, The Element Termsofservice checkboxdisplayed]]>
            </line>
            <line>
              <![CDATA[Passed, Verify The Element is billingagrement Checkboxdisplayed, The Element billingagrement Checkboxshould be displayed, The Element billingagrement Checkboxdisplayed]]>
            </line>
            <line>
              <![CDATA[Passed, Verify The Element is JoinCircle Buttondisplayed, The Element JoinCircle Buttonshould be displayed, The Element JoinCircle Buttondisplayed]]>
            </line>
            <line>
              <![CDATA[Passed, Verify Customer Registration form Join Now header is displayed, Customer Registration form Join Now header should be displayed, Customer Registration form Join Now header displayed]]>
            </line>
            <line>
              <![CDATA[***scrollDown: Move to default Content explicitly. Otherwise it won't work for Firefox***]]>
            </line>
            <line>
              <![CDATA[Passed, Verify Customer Registration Success message is displayed, Customer Registration Success message should be displayed, Customer Registration Success message displayed]]>
            </line>
          </reporter-output>
        </test-method> <!-- Customer_clicks_JoinOurCircle -->
        <test-method status="PASS" signature="StatusScreenShots(org.testng.ITestResult)[pri:0, instance:com.ShearCircle.TestScenarios.CustomerModule@39c0f4a]" name="StatusScreenShots" is-config="true" duration-ms="1527" started-at="2017-10-26T23:01:22Z" finished-at="2017-10-26T23:01:23Z">
          <params>
            <param index="0">
              <value>
                <![CDATA[[TestResult name=Customer_clicks_JoinOurCircle status=SUCCESS method=CustomerModule.Customer_clicks_JoinOurCircle()[pri:1, instance:com.ShearCircle.TestScenarios.CustomerModule@39c0f4a] output=Passed, Verify ShearCircle Home page is displayed, ShearCircle Home page should be displayed, ShearCircle Home page displayed]]]>
              </value>
            </param>
          </params>
          <reporter-output>
          </reporter-output>
        </test-method> <!-- StatusScreenShots -->
        <test-method status="PASS" signature="afterClass()[pri:0, instance:com.ShearCircle.TestScenarios.CustomerModule@39c0f4a]" name="afterClass" is-config="true" duration-ms="1573" started-at="2017-10-26T23:01:23Z" finished-at="2017-10-26T23:01:25Z">
          <reporter-output>
          </reporter-output>
        </test-method> <!-- afterClass -->
      </class> <!-- com.ShearCircle.TestScenarios.CustomerModule -->
    </test> <!-- Default test -->
  </suite> <!-- Default suite -->
</testng-results>
