<?xml version="1.0" encoding="UTF-8"?>
<testng-results skipped="0" failed="0" ignored="0" total="1" passed="1">
  <reporter-output>
  </reporter-output>
  <suite name="Default suite" duration-ms="65665" started-at="2017-10-19T18:01:24Z" finished-at="2017-10-19T18:02:30Z">
    <groups>
    </groups>
    <test name="Default test" duration-ms="65665" started-at="2017-10-19T18:01:24Z" finished-at="2017-10-19T18:02:30Z">
      <class name="com.ShearCircle.TestScenarios.CustomerModule">
        <test-method status="PASS" signature="beforeclass(java.lang.String)[pri:0, instance:com.ShearCircle.TestScenarios.CustomerModule@5e3a8624]" name="beforeclass" is-config="true" duration-ms="12496" started-at="2017-10-19T23:31:24Z" finished-at="2017-10-19T23:31:37Z">
          <params>
            <param index="0">
              <value>
                <![CDATA[chrome]]>
              </value>
            </param>
          </params>
          <reporter-output>
          </reporter-output>
        </test-method> <!-- beforeclass -->
        <test-method status="PASS" signature="Customer_ForgotPassword_scenario()[pri:0, instance:com.ShearCircle.TestScenarios.CustomerModule@5e3a8624]" name="Customer_ForgotPassword_scenario" duration-ms="50639" started-at="2017-10-19T23:31:37Z" finished-at="2017-10-19T23:32:27Z">
          <reporter-output>
          </reporter-output>
        </test-method> <!-- Customer_ForgotPassword_scenario -->
        <test-method status="PASS" signature="StatusScreenShots(org.testng.ITestResult)[pri:0, instance:com.ShearCircle.TestScenarios.CustomerModule@5e3a8624]" name="StatusScreenShots" is-config="true" duration-ms="1392" started-at="2017-10-19T23:32:27Z" finished-at="2017-10-19T23:32:29Z">
          <params>
            <param index="0">
              <value>
                <![CDATA[[TestResult name=Customer_ForgotPassword_scenario status=SUCCESS method=CustomerModule.Customer_ForgotPassword_scenario()[pri:0, instance:com.ShearCircle.TestScenarios.CustomerModule@5e3a8624] output={null}]]]>
              </value>
            </param>
          </params>
          <reporter-output>
          </reporter-output>
        </test-method> <!-- StatusScreenShots -->
        <test-method status="PASS" signature="afterClass()[pri:0, instance:com.ShearCircle.TestScenarios.CustomerModule@5e3a8624]" name="afterClass" is-config="true" duration-ms="1024" started-at="2017-10-19T23:32:29Z" finished-at="2017-10-19T23:32:30Z">
          <reporter-output>
          </reporter-output>
        </test-method> <!-- afterClass -->
      </class> <!-- com.ShearCircle.TestScenarios.CustomerModule -->
    </test> <!-- Default test -->
  </suite> <!-- Default suite -->
</testng-results>
